[debug] [2020-04-30T22:11:17.805Z] ----------------------------------------------------------------------
[debug] [2020-04-30T22:11:17.812Z] Command:       /usr/local/Cellar/node/13.11.0/bin/node /usr/local/Cellar/node/13.11.0/bin/firebase init
[debug] [2020-04-30T22:11:17.812Z] CLI Version:   8.2.0
[debug] [2020-04-30T22:11:17.812Z] Platform:      darwin
[debug] [2020-04-30T22:11:17.813Z] Node Version:  v13.11.0
[debug] [2020-04-30T22:11:17.815Z] Time:          Thu Apr 30 2020 18:11:17 GMT-0400 (Eastern Daylight Time)
[debug] [2020-04-30T22:11:17.816Z] ----------------------------------------------------------------------
[debug] [2020-04-30T22:11:17.816Z] 
[debug] [2020-04-30T22:11:18.017Z] > command requires scopes: ["email","openid","https://www.googleapis.com/auth/cloudplatformprojects.readonly","https://www.googleapis.com/auth/firebase","https://www.googleapis.com/auth/cloud-platform"]
[debug] [2020-04-30T22:11:18.018Z] > authorizing via signed-in user
[info] 
     ######## #### ########  ######## ########     ###     ######  ########
     ##        ##  ##     ## ##       ##     ##  ##   ##  ##       ##
     ######    ##  ########  ######   ########  #########  ######  ######
     ##        ##  ##    ##  ##       ##     ## ##     ##       ## ##
     ##       #### ##     ## ######## ########  ##     ##  ######  ########

You're about to initialize a Firebase project in this directory:

  /Users/default/Desktop/cd

Before we get started, keep in mind:

  * You are initializing in an existing Firebase project directory

[info] 
=== Project Setup
[info] 
[info] First, let's associate this project directory with a Firebase project.
[info] You can create multiple project aliases by running firebase use --add, 
[info] but for now we'll just set up a default project.
[info] 
[info] i  .firebaserc already has a default project, using dartcal-d198f.
[debug] [2020-04-30T22:13:20.472Z] > refreshing access token with scopes: ["email","https://www.googleapis.com/auth/cloud-platform","https://www.googleapis.com/auth/cloudplatformprojects.readonly","https://www.googleapis.com/auth/firebase","openid"]
[debug] [2020-04-30T22:13:20.472Z] >>> HTTP REQUEST POST https://www.googleapis.com/oauth2/v3/token  
 <request body omitted>
[debug] [2020-04-30T22:13:20.617Z] <<< HTTP RESPONSE 200 {"content-type":"application/json; charset=utf-8","vary":"X-Origin, Referer, Origin,Accept-Encoding","date":"Thu, 30 Apr 2020 22:13:20 GMT","server":"scaffolding on HTTPServer2","cache-control":"private","x-xss-protection":"0","x-frame-options":"SAMEORIGIN","x-content-type-options":"nosniff","alt-svc":"h3-Q050=\":443\"; ma=2592000,h3-Q049=\":443\"; ma=2592000,h3-Q048=\":443\"; ma=2592000,h3-Q046=\":443\"; ma=2592000,h3-Q043=\":443\"; ma=2592000,quic=\":443\"; ma=2592000; v=\"46,43\"","accept-ranges":"none","transfer-encoding":"chunked"}
[debug] [2020-04-30T22:13:20.673Z] >>> HTTP REQUEST GET https://firebase.googleapis.com/v1beta1/projects/dartcal-d198f  
 
[debug] [2020-04-30T22:13:20.953Z] <<< HTTP RESPONSE 403 {"vary":"X-Origin, Referer, Origin,Accept-Encoding","content-type":"application/json; charset=UTF-8","date":"Thu, 30 Apr 2020 22:13:20 GMT","server":"ESF","cache-control":"private","x-xss-protection":"0","x-frame-options":"SAMEORIGIN","x-content-type-options":"nosniff","alt-svc":"h3-Q050=\":443\"; ma=2592000,h3-Q049=\":443\"; ma=2592000,h3-Q048=\":443\"; ma=2592000,h3-Q046=\":443\"; ma=2592000,h3-Q043=\":443\"; ma=2592000,quic=\":443\"; ma=2592000; v=\"46,43\"","accept-ranges":"none","transfer-encoding":"chunked"}
[debug] [2020-04-30T22:13:20.953Z] <<< HTTP RESPONSE BODY {"error":{"code":403,"message":"The caller does not have permission","status":"PERMISSION_DENIED"}}
[debug] [2020-04-30T22:13:20.956Z] HTTP Error: 403, The caller does not have permission
[debug] [2020-04-30T22:13:21.068Z] FirebaseError: HTTP Error: 403, The caller does not have permission
    at module.exports (/usr/local/Cellar/node/13.11.0/lib/node_modules/firebase-tools/lib/responseToError.js:38:12)
    at Request._callback (/usr/local/Cellar/node/13.11.0/lib/node_modules/firebase-tools/lib/api.js:41:35)
    at Request.self.callback (/usr/local/Cellar/node/13.11.0/lib/node_modules/firebase-tools/node_modules/request/request.js:185:22)
    at Request.emit (events.js:315:20)
    at Request.EventEmitter.emit (domain.js:485:12)
    at Request.<anonymous> (/usr/local/Cellar/node/13.11.0/lib/node_modules/firebase-tools/node_modules/request/request.js:1154:10)
    at Request.emit (events.js:315:20)
    at Request.EventEmitter.emit (domain.js:485:12)
    at IncomingMessage.<anonymous> (/usr/local/Cellar/node/13.11.0/lib/node_modules/firebase-tools/node_modules/request/request.js:1076:12)
    at Object.onceWrapper (events.js:421:28)
    at IncomingMessage.emit (events.js:327:22)
    at IncomingMessage.EventEmitter.emit (domain.js:485:12)
    at endReadableNT (_stream_readable.js:1201:12)
    at processTicksAndRejections (internal/process/task_queues.js:84:21)
[error] 
[error] Error: Failed to get Firebase project dartcal-d198f. Please make sure the project exists and your account has permission to access it.
[debug] [2020-04-30T22:19:55.261Z] ----------------------------------------------------------------------
[debug] [2020-04-30T22:19:55.263Z] Command:       /usr/local/Cellar/node/13.11.0/bin/node /usr/local/Cellar/node/13.11.0/bin/firebase init
[debug] [2020-04-30T22:19:55.264Z] CLI Version:   8.2.0
[debug] [2020-04-30T22:19:55.264Z] Platform:      darwin
[debug] [2020-04-30T22:19:55.264Z] Node Version:  v13.11.0
[debug] [2020-04-30T22:19:55.265Z] Time:          Thu Apr 30 2020 18:19:55 GMT-0400 (Eastern Daylight Time)
[debug] [2020-04-30T22:19:55.265Z] ----------------------------------------------------------------------
[debug] [2020-04-30T22:19:55.266Z] 
[debug] [2020-04-30T22:19:55.299Z] > command requires scopes: ["email","openid","https://www.googleapis.com/auth/cloudplatformprojects.readonly","https://www.googleapis.com/auth/firebase","https://www.googleapis.com/auth/cloud-platform"]
[debug] [2020-04-30T22:19:55.300Z] > authorizing via signed-in user
[info] 
     ######## #### ########  ######## ########     ###     ######  ########
     ##        ##  ##     ## ##       ##     ##  ##   ##  ##       ##
     ######    ##  ########  ######   ########  #########  ######  ######
     ##        ##  ##    ##  ##       ##     ## ##     ##       ## ##
     ##       #### ##     ## ######## ########  ##     ##  ######  ########

You're about to initialize a Firebase project in this directory:

  /Users/default/Desktop/cd

Before we get started, keep in mind:

  * You are initializing in an existing Firebase project directory

[info] 
=== Project Setup
[info] 
[info] First, let's associate this project directory with a Firebase project.
[info] You can create multiple project aliases by running firebase use --add, 
[info] but for now we'll just set up a default project.
[info] 
[info] i  .firebaserc already has a default project, using dartcal-d198f.
[debug] [2020-04-30T22:20:07.029Z] >>> HTTP REQUEST GET https://firebase.googleapis.com/v1beta1/projects/dartcal-d198f  
 
[debug] [2020-04-30T22:20:07.357Z] <<< HTTP RESPONSE 403 {"vary":"X-Origin, Referer, Origin,Accept-Encoding","content-type":"application/json; charset=UTF-8","date":"Thu, 30 Apr 2020 22:20:07 GMT","server":"ESF","cache-control":"private","x-xss-protection":"0","x-frame-options":"SAMEORIGIN","x-content-type-options":"nosniff","alt-svc":"h3-Q050=\":443\"; ma=2592000,h3-Q049=\":443\"; ma=2592000,h3-Q048=\":443\"; ma=2592000,h3-Q046=\":443\"; ma=2592000,h3-Q043=\":443\"; ma=2592000,quic=\":443\"; ma=2592000; v=\"46,43\"","accept-ranges":"none","transfer-encoding":"chunked"}
[debug] [2020-04-30T22:20:07.357Z] <<< HTTP RESPONSE BODY {"error":{"code":403,"message":"The caller does not have permission","status":"PERMISSION_DENIED"}}
[debug] [2020-04-30T22:20:07.359Z] HTTP Error: 403, The caller does not have permission
[debug] [2020-04-30T22:20:07.474Z] FirebaseError: HTTP Error: 403, The caller does not have permission
    at module.exports (/usr/local/Cellar/node/13.11.0/lib/node_modules/firebase-tools/lib/responseToError.js:38:12)
    at Request._callback (/usr/local/Cellar/node/13.11.0/lib/node_modules/firebase-tools/lib/api.js:41:35)
    at Request.self.callback (/usr/local/Cellar/node/13.11.0/lib/node_modules/firebase-tools/node_modules/request/request.js:185:22)
    at Request.emit (events.js:315:20)
    at Request.EventEmitter.emit (domain.js:485:12)
    at Request.<anonymous> (/usr/local/Cellar/node/13.11.0/lib/node_modules/firebase-tools/node_modules/request/request.js:1154:10)
    at Request.emit (events.js:315:20)
    at Request.EventEmitter.emit (domain.js:485:12)
    at IncomingMessage.<anonymous> (/usr/local/Cellar/node/13.11.0/lib/node_modules/firebase-tools/node_modules/request/request.js:1076:12)
    at Object.onceWrapper (events.js:421:28)
    at IncomingMessage.emit (events.js:327:22)
    at IncomingMessage.EventEmitter.emit (domain.js:485:12)
    at endReadableNT (_stream_readable.js:1201:12)
    at processTicksAndRejections (internal/process/task_queues.js:84:21)
[error] 
[error] Error: Failed to get Firebase project dartcal-d198f. Please make sure the project exists and your account has permission to access it.
